c:\users\roman\source\repos\externalhack\externalhack\release\vc141.pdb
c:\users\roman\source\repos\externalhack\externalhack\release\vec2.obj
c:\users\roman\source\repos\externalhack\externalhack\release\singleton.obj
c:\users\roman\source\repos\externalhack\externalhack\release\renderer.obj
c:\users\roman\source\repos\externalhack\externalhack\release\rcs.obj
c:\users\roman\source\repos\externalhack\externalhack\release\player.obj
c:\users\roman\source\repos\externalhack\externalhack\release\menu.obj
c:\users\roman\source\repos\externalhack\externalhack\release\memory.obj
c:\users\roman\source\repos\externalhack\externalhack\release\localplayer.obj
c:\users\roman\source\repos\externalhack\externalhack\release\glow.obj
c:\users\roman\source\repos\externalhack\externalhack\release\globalvars.obj
c:\users\roman\source\repos\externalhack\externalhack\release\externalhack.obj
c:\users\roman\source\repos\externalhack\externalhack\release\config.obj
c:\users\roman\source\repos\externalhack\externalhack\release\bunnyhope.obj
c:\users\roman\source\repos\externalhack\externalhack\release\aimbot.obj
c:\users\roman\source\repos\externalhack\externalhack\release\imgui_widgets.obj
c:\users\roman\source\repos\externalhack\externalhack\release\imgui_impl_win32.obj
c:\users\roman\source\repos\externalhack\externalhack\release\imgui_impl_dx9.obj
c:\users\roman\source\repos\externalhack\externalhack\release\imgui_draw.obj
c:\users\roman\source\repos\externalhack\externalhack\release\imgui_demo.obj
c:\users\roman\source\repos\externalhack\externalhack\release\imgui.obj
c:\users\roman\source\repos\externalhack\externalhack\release\vec3.obj
c:\users\roman\source\repos\externalhack\externalhack\release\triggerbot.obj
c:\users\roman\source\repos\externalhack\externalhack\release\fakelag.obj
c:\users\roman\source\repos\externalhack\externalhack\release\skinchanger.obj
c:\users\roman\source\repos\externalhack\release\externalhack.exe
c:\users\roman\source\repos\externalhack\release\externalhack.pdb
c:\users\roman\source\repos\externalhack\externalhack\release\externalhack.tlog\cl.command.1.tlog
c:\users\roman\source\repos\externalhack\externalhack\release\externalhack.tlog\cl.read.1.tlog
c:\users\roman\source\repos\externalhack\externalhack\release\externalhack.tlog\cl.write.1.tlog
c:\users\roman\source\repos\externalhack\externalhack\release\externalhack.tlog\link.command.1.tlog
c:\users\roman\source\repos\externalhack\externalhack\release\externalhack.tlog\link.read.1.tlog
c:\users\roman\source\repos\externalhack\externalhack\release\externalhack.tlog\link.write.1.tlog
